Analysis & Synthesis report for finalProj
Fri Dec 09 11:34:56 2016
Quartus Prime Version 16.0.0 Build 211 04/27/2016 SJ Standard Edition


---------------------
; Table of Contents ;
---------------------
  1. Legal Notice
  2. Analysis & Synthesis Summary
  3. Analysis & Synthesis Settings
  4. Parallel Compilation
  5. Analysis & Synthesis Source Files Read
  6. Analysis & Synthesis Resource Usage Summary
  7. Analysis & Synthesis Resource Utilization by Entity
  8. Registers Removed During Synthesis
  9. General Register Statistics
 10. Multiplexer Restructuring Statistics (Restructuring Performed)
 11. Post-Synthesis Netlist Statistics for Top Partition
 12. Elapsed Time Per Partition
 13. Analysis & Synthesis Messages



----------------
; Legal Notice ;
----------------
Copyright (C) 1991-2016 Altera Corporation. All rights reserved.
Your use of Altera Corporation's design tools, logic functions 
and other software and tools, and its AMPP partner logic 
functions, and any output files from any of the foregoing 
(including device programming or simulation files), and any 
associated documentation or information are expressly subject 
to the terms and conditions of the Altera Program License 
Subscription Agreement, the Altera Quartus Prime License Agreement,
the Altera MegaCore Function License Agreement, or other 
applicable license agreement, including, without limitation, 
that your use is for the sole purpose of programming logic 
devices manufactured by Altera and sold by Altera or its 
authorized distributors.  Please refer to the applicable 
agreement for further details.



+--------------------------------------------------------------------------------------+
; Analysis & Synthesis Summary                                                         ;
+------------------------------------+-------------------------------------------------+
; Analysis & Synthesis Status        ; Successful - Fri Dec 09 11:34:56 2016           ;
; Quartus Prime Version              ; 16.0.0 Build 211 04/27/2016 SJ Standard Edition ;
; Revision Name                      ; finalProj                                       ;
; Top-level Entity Name              ; finalProj                                       ;
; Family                             ; Cyclone IV E                                    ;
; Total logic elements               ; 111                                             ;
;     Total combinational functions  ; 110                                             ;
;     Dedicated logic registers      ; 24                                              ;
; Total registers                    ; 24                                              ;
; Total pins                         ; 39                                              ;
; Total virtual pins                 ; 0                                               ;
; Total memory bits                  ; 0                                               ;
; Embedded Multiplier 9-bit elements ; 0                                               ;
; Total PLLs                         ; 0                                               ;
+------------------------------------+-------------------------------------------------+


+----------------------------------------------------------------------------------------------------------------------+
; Analysis & Synthesis Settings                                                                                        ;
+----------------------------------------------------------------------------+--------------------+--------------------+
; Option                                                                     ; Setting            ; Default Value      ;
+----------------------------------------------------------------------------+--------------------+--------------------+
; Device                                                                     ; EP4CE115F29C7      ;                    ;
; Top-level entity name                                                      ; finalProj          ; finalProj          ;
; Family name                                                                ; Cyclone IV E       ; Cyclone V          ;
; Use smart compilation                                                      ; Off                ; Off                ;
; Enable parallel Assembler and TimeQuest Timing Analyzer during compilation ; On                 ; On                 ;
; Enable compact report table                                                ; Off                ; Off                ;
; Restructure Multiplexers                                                   ; Auto               ; Auto               ;
; Create Debugging Nodes for IP Cores                                        ; Off                ; Off                ;
; Preserve fewer node names                                                  ; On                 ; On                 ;
; Disable OpenCore Plus hardware evaluation                                  ; Off                ; Off                ;
; Verilog Version                                                            ; Verilog_2001       ; Verilog_2001       ;
; VHDL Version                                                               ; VHDL_1993          ; VHDL_1993          ;
; State Machine Processing                                                   ; Auto               ; Auto               ;
; Safe State Machine                                                         ; Off                ; Off                ;
; Extract Verilog State Machines                                             ; On                 ; On                 ;
; Extract VHDL State Machines                                                ; On                 ; On                 ;
; Ignore Verilog initial constructs                                          ; Off                ; Off                ;
; Iteration limit for constant Verilog loops                                 ; 5000               ; 5000               ;
; Iteration limit for non-constant Verilog loops                             ; 250                ; 250                ;
; Add Pass-Through Logic to Inferred RAMs                                    ; On                 ; On                 ;
; Infer RAMs from Raw Logic                                                  ; On                 ; On                 ;
; Parallel Synthesis                                                         ; On                 ; On                 ;
; DSP Block Balancing                                                        ; Auto               ; Auto               ;
; NOT Gate Push-Back                                                         ; On                 ; On                 ;
; Power-Up Don't Care                                                        ; On                 ; On                 ;
; Remove Redundant Logic Cells                                               ; Off                ; Off                ;
; Remove Duplicate Registers                                                 ; On                 ; On                 ;
; Ignore CARRY Buffers                                                       ; Off                ; Off                ;
; Ignore CASCADE Buffers                                                     ; Off                ; Off                ;
; Ignore GLOBAL Buffers                                                      ; Off                ; Off                ;
; Ignore ROW GLOBAL Buffers                                                  ; Off                ; Off                ;
; Ignore LCELL Buffers                                                       ; Off                ; Off                ;
; Ignore SOFT Buffers                                                        ; On                 ; On                 ;
; Limit AHDL Integers to 32 Bits                                             ; Off                ; Off                ;
; Optimization Technique                                                     ; Balanced           ; Balanced           ;
; Carry Chain Length                                                         ; 70                 ; 70                 ;
; Auto Carry Chains                                                          ; On                 ; On                 ;
; Auto Open-Drain Pins                                                       ; On                 ; On                 ;
; Perform WYSIWYG Primitive Resynthesis                                      ; Off                ; Off                ;
; Auto ROM Replacement                                                       ; On                 ; On                 ;
; Auto RAM Replacement                                                       ; On                 ; On                 ;
; Auto DSP Block Replacement                                                 ; On                 ; On                 ;
; Auto Shift Register Replacement                                            ; Auto               ; Auto               ;
; Allow Shift Register Merging across Hierarchies                            ; Auto               ; Auto               ;
; Auto Clock Enable Replacement                                              ; On                 ; On                 ;
; Strict RAM Replacement                                                     ; Off                ; Off                ;
; Allow Synchronous Control Signals                                          ; On                 ; On                 ;
; Force Use of Synchronous Clear Signals                                     ; Off                ; Off                ;
; Auto RAM Block Balancing                                                   ; On                 ; On                 ;
; Auto RAM to Logic Cell Conversion                                          ; Off                ; Off                ;
; Auto Resource Sharing                                                      ; Off                ; Off                ;
; Allow Any RAM Size For Recognition                                         ; Off                ; Off                ;
; Allow Any ROM Size For Recognition                                         ; Off                ; Off                ;
; Allow Any Shift Register Size For Recognition                              ; Off                ; Off                ;
; Use LogicLock Constraints during Resource Balancing                        ; On                 ; On                 ;
; Ignore translate_off and synthesis_off directives                          ; Off                ; Off                ;
; Timing-Driven Synthesis                                                    ; On                 ; On                 ;
; Report Parameter Settings                                                  ; On                 ; On                 ;
; Report Source Assignments                                                  ; On                 ; On                 ;
; Report Connectivity Checks                                                 ; On                 ; On                 ;
; Ignore Maximum Fan-Out Assignments                                         ; Off                ; Off                ;
; Synchronization Register Chain Length                                      ; 2                  ; 2                  ;
; PowerPlay Power Optimization During Synthesis                              ; Normal compilation ; Normal compilation ;
; HDL message level                                                          ; Level2             ; Level2             ;
; Suppress Register Optimization Related Messages                            ; Off                ; Off                ;
; Number of Removed Registers Reported in Synthesis Report                   ; 5000               ; 5000               ;
; Number of Swept Nodes Reported in Synthesis Report                         ; 5000               ; 5000               ;
; Number of Inverted Registers Reported in Synthesis Report                  ; 100                ; 100                ;
; Clock MUX Protection                                                       ; On                 ; On                 ;
; Auto Gated Clock Conversion                                                ; Off                ; Off                ;
; Block Design Naming                                                        ; Auto               ; Auto               ;
; SDC constraint protection                                                  ; Off                ; Off                ;
; Synthesis Effort                                                           ; Auto               ; Auto               ;
; Shift Register Replacement - Allow Asynchronous Clear Signal               ; On                 ; On                 ;
; Pre-Mapping Resynthesis Optimization                                       ; Off                ; Off                ;
; Analysis & Synthesis Message Level                                         ; Medium             ; Medium             ;
; Disable Register Merging Across Hierarchies                                ; Auto               ; Auto               ;
; Resource Aware Inference For Block RAM                                     ; On                 ; On                 ;
; Synthesis Seed                                                             ; 1                  ; 1                  ;
+----------------------------------------------------------------------------+--------------------+--------------------+


+------------------------------------------+
; Parallel Compilation                     ;
+----------------------------+-------------+
; Processors                 ; Number      ;
+----------------------------+-------------+
; Number detected on machine ; 8           ;
; Maximum allowed            ; 4           ;
;                            ;             ;
; Average used               ; 1.00        ;
; Maximum used               ; 4           ;
;                            ;             ;
; Usage by Processor         ; % Time Used ;
;     Processor 1            ; 100.0%      ;
;     Processors 2-4         ;   0.0%      ;
+----------------------------+-------------+


+----------------------------------------------------------------------------------------------------------------------------------------------+
; Analysis & Synthesis Source Files Read                                                                                                       ;
+----------------------------------+-----------------+------------------------------------+------------------------------------------+---------+
; File Name with User-Entered Path ; Used in Netlist ; File Type                          ; File Name with Absolute Path             ; Library ;
+----------------------------------+-----------------+------------------------------------+------------------------------------------+---------+
; finalProj.bdf                    ; yes             ; User Block Diagram/Schematic File  ; U:/CPRE281/finalProj/finalProj.bdf       ;         ;
; beststack.v                      ; yes             ; User Verilog HDL File              ; U:/CPRE281/finalProj/beststack.v         ;         ;
; filterd.v                        ; yes             ; User Verilog HDL File              ; U:/CPRE281/finalProj/filterd.v           ;         ;
; filterc.v                        ; yes             ; User Verilog HDL File              ; U:/CPRE281/finalProj/filterc.v           ;         ;
; filterb.v                        ; yes             ; User Verilog HDL File              ; U:/CPRE281/finalProj/filterb.v           ;         ;
; filtera.v                        ; yes             ; User Verilog HDL File              ; U:/CPRE281/finalProj/filtera.v           ;         ;
; seven_seg_decoder.v              ; yes             ; Auto-Found Verilog HDL File        ; U:/CPRE281/finalProj/seven_seg_decoder.v ;         ;
+----------------------------------+-----------------+------------------------------------+------------------------------------------+---------+


+-----------------------------------------------------------------+
; Analysis & Synthesis Resource Usage Summary                     ;
+---------------------------------------------+-------------------+
; Resource                                    ; Usage             ;
+---------------------------------------------+-------------------+
; Estimated Total logic elements              ; 111               ;
;                                             ;                   ;
; Total combinational functions               ; 110               ;
; Logic element usage by number of LUT inputs ;                   ;
;     -- 4 input functions                    ; 84                ;
;     -- 3 input functions                    ; 23                ;
;     -- <=2 input functions                  ; 3                 ;
;                                             ;                   ;
; Logic elements by mode                      ;                   ;
;     -- normal mode                          ; 110               ;
;     -- arithmetic mode                      ; 0                 ;
;                                             ;                   ;
; Total registers                             ; 24                ;
;     -- Dedicated logic registers            ; 24                ;
;     -- I/O registers                        ; 0                 ;
;                                             ;                   ;
; I/O pins                                    ; 39                ;
;                                             ;                   ;
; Embedded Multiplier 9-bit elements          ; 0                 ;
;                                             ;                   ;
; Maximum fan-out node                        ; beststack:inst|z3 ;
; Maximum fan-out                             ; 28                ;
; Total fan-out                               ; 571               ;
; Average fan-out                             ; 2.69              ;
+---------------------------------------------+-------------------+


+--------------------------------------------------------------------------------------------------------------------------------------------------------------------------------------------------------------------+
; Analysis & Synthesis Resource Utilization by Entity                                                                                                                                                                ;
+-------------------------------+-------------------+--------------+-------------+--------------+---------+-----------+------+--------------+-------------------------------------+-------------------+--------------+
; Compilation Hierarchy Node    ; LC Combinationals ; LC Registers ; Memory Bits ; DSP Elements ; DSP 9x9 ; DSP 18x18 ; Pins ; Virtual Pins ; Full Hierarchy Name                 ; Entity Name       ; Library Name ;
+-------------------------------+-------------------+--------------+-------------+--------------+---------+-----------+------+--------------+-------------------------------------+-------------------+--------------+
; |finalProj                    ; 110 (0)           ; 24 (0)       ; 0           ; 0            ; 0       ; 0         ; 39   ; 0            ; |finalProj                          ; finalProj         ; work         ;
;    |beststack:inst|           ; 54 (54)           ; 24 (24)      ; 0           ; 0            ; 0       ; 0         ; 0    ; 0            ; |finalProj|beststack:inst           ; beststack         ; work         ;
;    |seven_seg_decoder:inst10| ; 14 (14)           ; 0 (0)        ; 0           ; 0            ; 0       ; 0         ; 0    ; 0            ; |finalProj|seven_seg_decoder:inst10 ; seven_seg_decoder ; work         ;
;    |seven_seg_decoder:inst16| ; 14 (14)           ; 0 (0)        ; 0           ; 0            ; 0       ; 0         ; 0    ; 0            ; |finalProj|seven_seg_decoder:inst16 ; seven_seg_decoder ; work         ;
;    |seven_seg_decoder:inst17| ; 14 (14)           ; 0 (0)        ; 0           ; 0            ; 0       ; 0         ; 0    ; 0            ; |finalProj|seven_seg_decoder:inst17 ; seven_seg_decoder ; work         ;
;    |seven_seg_decoder:inst18| ; 14 (14)           ; 0 (0)        ; 0           ; 0            ; 0       ; 0         ; 0    ; 0            ; |finalProj|seven_seg_decoder:inst18 ; seven_seg_decoder ; work         ;
+-------------------------------+-------------------+--------------+-------------+--------------+---------+-----------+------+--------------+-------------------------------------+-------------------+--------------+
Note: For table entries with two numbers listed, the numbers in parentheses indicate the number of resources of the given type used by the specific entity alone. The numbers listed outside of parentheses indicate the total resources of the given type used by the specific entity and all of its sub-entities in the hierarchy.


+---------------------------------------------------------------------------------+
; Registers Removed During Synthesis                                              ;
+----------------------------------------+----------------------------------------+
; Register name                          ; Reason for Removal                     ;
+----------------------------------------+----------------------------------------+
; beststack:inst|state[3..9,11..31]      ; Merged with beststack:inst|state[10]   ;
; beststack:inst|state[10]               ; Stuck at GND due to stuck port data_in ;
; Total Number of Removed Registers = 29 ;                                        ;
+----------------------------------------+----------------------------------------+


+------------------------------------------------------+
; General Register Statistics                          ;
+----------------------------------------------+-------+
; Statistic                                    ; Value ;
+----------------------------------------------+-------+
; Total registers                              ; 24    ;
; Number of registers using Synchronous Clear  ; 8     ;
; Number of registers using Synchronous Load   ; 8     ;
; Number of registers using Asynchronous Clear ; 0     ;
; Number of registers using Asynchronous Load  ; 0     ;
; Number of registers using Clock Enable       ; 19    ;
; Number of registers using Preset             ; 0     ;
+----------------------------------------------+-------+


+---------------------------------------------------------------------------------------------------------------------------------------------+
; Multiplexer Restructuring Statistics (Restructuring Performed)                                                                              ;
+--------------------+-----------+---------------+----------------------+------------------------+------------+-------------------------------+
; Multiplexer Inputs ; Bus Width ; Baseline Area ; Area if Restructured ; Saving if Restructured ; Registered ; Example Multiplexer Output    ;
+--------------------+-----------+---------------+----------------------+------------------------+------------+-------------------------------+
; 6:1                ; 3 bits    ; 12 LEs        ; 9 LEs                ; 3 LEs                  ; Yes        ; |finalProj|beststack:inst|z3  ;
; 8:1                ; 4 bits    ; 20 LEs        ; 8 LEs                ; 12 LEs                 ; Yes        ; |finalProj|beststack:inst|r33 ;
; 10:1               ; 4 bits    ; 24 LEs        ; 8 LEs                ; 16 LEs                 ; Yes        ; |finalProj|beststack:inst|r13 ;
; 10:1               ; 4 bits    ; 24 LEs        ; 8 LEs                ; 16 LEs                 ; Yes        ; |finalProj|beststack:inst|r23 ;
; 10:1               ; 4 bits    ; 24 LEs        ; 8 LEs                ; 16 LEs                 ; Yes        ; |finalProj|beststack:inst|r01 ;
+--------------------+-----------+---------------+----------------------+------------------------+------------+-------------------------------+


+-----------------------------------------------------+
; Post-Synthesis Netlist Statistics for Top Partition ;
+-----------------------+-----------------------------+
; Type                  ; Count                       ;
+-----------------------+-----------------------------+
; boundary_port         ; 39                          ;
; cycloneiii_ff         ; 24                          ;
;     ENA               ; 11                          ;
;     ENA SCLR SLD      ; 8                           ;
;     plain             ; 5                           ;
; cycloneiii_lcell_comb ; 110                         ;
;     normal            ; 110                         ;
;         2 data inputs ; 3                           ;
;         3 data inputs ; 23                          ;
;         4 data inputs ; 84                          ;
;                       ;                             ;
; Max LUT depth         ; 3.00                        ;
; Average LUT depth     ; 2.24                        ;
+-----------------------+-----------------------------+


+-------------------------------+
; Elapsed Time Per Partition    ;
+----------------+--------------+
; Partition Name ; Elapsed Time ;
+----------------+--------------+
; Top            ; 00:00:00     ;
+----------------+--------------+


+-------------------------------+
; Analysis & Synthesis Messages ;
+-------------------------------+
Info: *******************************************************************
Info: Running Quartus Prime Analysis & Synthesis
    Info: Version 16.0.0 Build 211 04/27/2016 SJ Standard Edition
    Info: Processing started: Fri Dec 09 11:34:44 2016
Info: Command: quartus_map --read_settings_files=on --write_settings_files=off finalProj -c finalProj
Warning (18236): Number of processors has not been specified which may cause overloading on shared machines.  Set the global assignment NUM_PARALLEL_PROCESSORS in your QSF to an appropriate value for best performance.
Info (20030): Parallel compilation is enabled and will use 4 of the 4 processors detected
Info (12021): Found 1 design units, including 1 entities, in source file finalproj.bdf
    Info (12023): Found entity 1: finalProj
Info (12021): Found 1 design units, including 1 entities, in source file stack.bdf
    Info (12023): Found entity 1: stack
Warning (12019): Can't analyze file -- file decoder_3to8.v is missing
Warning (12019): Can't analyze file -- file decoder_2to4.v is missing
Warning (12019): Can't analyze file -- file dec_2to4.bdf is missing
Warning (12019): Can't analyze file -- file dec_3to8.bdf is missing
Warning (12019): Can't analyze file -- file 41mux.bdf is missing
Info (12021): Found 1 design units, including 1 entities, in source file y3.v
    Info (12023): Found entity 1: Y3 File: U:/CPRE281/finalProj/Y3.v Line: 1
Info (12021): Found 1 design units, including 1 entities, in source file y1.v
    Info (12023): Found entity 1: Y1 File: U:/CPRE281/finalProj/Y1.v Line: 1
Info (12021): Found 1 design units, including 1 entities, in source file y2.v
    Info (12023): Found entity 1: Y2 File: U:/CPRE281/finalProj/Y2.v Line: 1
Info (12021): Found 1 design units, including 1 entities, in source file betterstack.v
    Info (12023): Found entity 1: betterstack File: U:/CPRE281/finalProj/betterstack.v Line: 2
Info (12021): Found 1 design units, including 1 entities, in source file betterstatemachine.v
    Info (12023): Found entity 1: betterstatemachine File: U:/CPRE281/finalProj/betterstatemachine.v Line: 1
Info (12021): Found 1 design units, including 1 entities, in source file beststack.v
    Info (12023): Found entity 1: beststack File: U:/CPRE281/finalProj/beststack.v Line: 1
Warning (12019): Can't analyze file -- file filter3.v is missing
Info (12021): Found 1 design units, including 1 entities, in source file filterd.v
    Info (12023): Found entity 1: filterd File: U:/CPRE281/finalProj/filterd.v Line: 1
Info (12021): Found 1 design units, including 1 entities, in source file filterc.v
    Info (12023): Found entity 1: filterc File: U:/CPRE281/finalProj/filterc.v Line: 1
Info (12021): Found 1 design units, including 1 entities, in source file filterb.v
    Info (12023): Found entity 1: filterb File: U:/CPRE281/finalProj/filterb.v Line: 1
Info (12021): Found 1 design units, including 1 entities, in source file filtera.v
    Info (12023): Found entity 1: filtera File: U:/CPRE281/finalProj/filtera.v Line: 1
Info (12127): Elaborating entity "finalProj" for the top level hierarchy
Warning (12125): Using design file seven_seg_decoder.v, which is not specified as a design file for the current project, but contains definitions for 1 design units and 1 entities in project
    Info (12023): Found entity 1: seven_seg_decoder File: U:/CPRE281/finalProj/seven_seg_decoder.v Line: 1
Info (12128): Elaborating entity "seven_seg_decoder" for hierarchy "seven_seg_decoder:inst10"
Warning (10235): Verilog HDL Always Construct warning at seven_seg_decoder.v(7): variable "en" is read inside the Always Construct but isn't in the Always Construct's Event Control File: U:/CPRE281/finalProj/seven_seg_decoder.v Line: 7
Info (12128): Elaborating entity "beststack" for hierarchy "beststack:inst"
Warning (10762): Verilog HDL Case Statement warning at beststack.v(45): can't check case statement for completeness because the case expression has too many possible states File: U:/CPRE281/finalProj/beststack.v Line: 45
Info (12128): Elaborating entity "filtera" for hierarchy "filtera:inst4"
Info (12128): Elaborating entity "filterb" for hierarchy "filterb:inst3"
Info (12128): Elaborating entity "filterc" for hierarchy "filterc:inst2"
Info (12128): Elaborating entity "filterd" for hierarchy "filterd:inst1"
Info (286030): Timing-Driven Synthesis is running
Info (16010): Generating hard_block partition "hard_block:auto_generated_inst"
    Info (16011): Adding 0 node(s), including 0 DDIO, 0 PLL, 0 transceiver and 0 LCELL
Info (21057): Implemented 151 device resources after synthesis - the final resource count might be different
    Info (21058): Implemented 9 input pins
    Info (21059): Implemented 30 output pins
    Info (21061): Implemented 112 logic cells
Info: Quartus Prime Analysis & Synthesis was successful. 0 errors, 10 warnings
    Info: Peak virtual memory: 877 megabytes
    Info: Processing ended: Fri Dec 09 11:34:56 2016
    Info: Elapsed time: 00:00:12
    Info: Total CPU time (on all processors): 00:00:23


