EDA Netlist Writer report for lab4step1
Fri Sep 23 12:02:16 2016
Quartus Prime Version 16.0.0 Build 211 04/27/2016 SJ Standard Edition


---------------------
; Table of Contents ;
---------------------
  1. Legal Notice
  2. EDA Netlist Writer Summary
  3. Simulation Settings
  4. Simulation Generated Files
  5. EDA Netlist Writer Messages



----------------
; Legal Notice ;
----------------
Copyright (C) 1991-2016 Altera Corporation. All rights reserved.
Your use of Altera Corporation's design tools, logic functions 
and other software and tools, and its AMPP partner logic 
functions, and any output files from any of the foregoing 
(including device programming or simulation files), and any 
associated documentation or information are expressly subject 
to the terms and conditions of the Altera Program License 
Subscription Agreement, the Altera Quartus Prime License Agreement,
the Altera MegaCore Function License Agreement, or other 
applicable license agreement, including, without limitation, 
that your use is for the sole purpose of programming logic 
devices manufactured by Altera and sold by Altera or its 
authorized distributors.  Please refer to the applicable 
agreement for further details.



+-------------------------------------------------------------------+
; EDA Netlist Writer Summary                                        ;
+---------------------------+---------------------------------------+
; EDA Netlist Writer Status ; Successful - Fri Sep 23 12:02:16 2016 ;
; Revision Name             ; lab4step1                             ;
; Top-level Entity Name     ; lab4step1                             ;
; Family                    ; Cyclone IV E                          ;
; Simulation Files Creation ; Successful                            ;
+---------------------------+---------------------------------------+


+-------------------------------------------------------------------------------------------------------------------------------+
; Simulation Settings                                                                                                           ;
+---------------------------------------------------------------------------------------------------+---------------------------+
; Option                                                                                            ; Setting                   ;
+---------------------------------------------------------------------------------------------------+---------------------------+
; Tool Name                                                                                         ; ModelSim-Altera (Verilog) ;
; Generate functional simulation netlist                                                            ; Off                       ;
; Time scale                                                                                        ; 1 ps                      ;
; Truncate long hierarchy paths                                                                     ; Off                       ;
; Map illegal HDL characters                                                                        ; Off                       ;
; Flatten buses into individual nodes                                                               ; Off                       ;
; Maintain hierarchy                                                                                ; Off                       ;
; Bring out device-wide set/reset signals as ports                                                  ; Off                       ;
; Enable glitch filtering                                                                           ; Off                       ;
; Do not write top level VHDL entity                                                                ; Off                       ;
; Disable detection of setup and hold time violations in the input registers of bi-directional pins ; Off                       ;
; Architecture name in VHDL output netlist                                                          ; structure                 ;
; Generate third-party EDA tool command script for RTL functional simulation                        ; Off                       ;
; Generate third-party EDA tool command script for gate-level simulation                            ; Off                       ;
+---------------------------------------------------------------------------------------------------+---------------------------+


+-----------------------------------------------------------------------------------+
; Simulation Generated Files                                                        ;
+-----------------------------------------------------------------------------------+
; Generated Files                                                                   ;
+-----------------------------------------------------------------------------------+
; U:/cpre231x/lab4/lab4step1/simulation/modelsim/lab4step1_7_1200mv_85c_slow.vo     ;
; U:/cpre231x/lab4/lab4step1/simulation/modelsim/lab4step1_7_1200mv_0c_slow.vo      ;
; U:/cpre231x/lab4/lab4step1/simulation/modelsim/lab4step1_min_1200mv_0c_fast.vo    ;
; U:/cpre231x/lab4/lab4step1/simulation/modelsim/lab4step1.vo                       ;
; U:/cpre231x/lab4/lab4step1/simulation/modelsim/lab4step1_7_1200mv_85c_v_slow.sdo  ;
; U:/cpre231x/lab4/lab4step1/simulation/modelsim/lab4step1_7_1200mv_0c_v_slow.sdo   ;
; U:/cpre231x/lab4/lab4step1/simulation/modelsim/lab4step1_min_1200mv_0c_v_fast.sdo ;
; U:/cpre231x/lab4/lab4step1/simulation/modelsim/lab4step1_v.sdo                    ;
+-----------------------------------------------------------------------------------+


+-----------------------------+
; EDA Netlist Writer Messages ;
+-----------------------------+
Info: *******************************************************************
Info: Running Quartus Prime EDA Netlist Writer
    Info: Version 16.0.0 Build 211 04/27/2016 SJ Standard Edition
    Info: Processing started: Fri Sep 23 12:02:15 2016
Info: Command: quartus_eda --read_settings_files=off --write_settings_files=off lab4step1 -c lab4step1
Warning (18236): Number of processors has not been specified which may cause overloading on shared machines.  Set the global assignment NUM_PARALLEL_PROCESSORS in your QSF to an appropriate value for best performance.
Info (204019): Generated file lab4step1_7_1200mv_85c_slow.vo in folder "U:/cpre231x/lab4/lab4step1/simulation/modelsim/" for EDA simulation tool
Info (204019): Generated file lab4step1_7_1200mv_0c_slow.vo in folder "U:/cpre231x/lab4/lab4step1/simulation/modelsim/" for EDA simulation tool
Info (204019): Generated file lab4step1_min_1200mv_0c_fast.vo in folder "U:/cpre231x/lab4/lab4step1/simulation/modelsim/" for EDA simulation tool
Info (204019): Generated file lab4step1.vo in folder "U:/cpre231x/lab4/lab4step1/simulation/modelsim/" for EDA simulation tool
Info (204019): Generated file lab4step1_7_1200mv_85c_v_slow.sdo in folder "U:/cpre231x/lab4/lab4step1/simulation/modelsim/" for EDA simulation tool
Info (204019): Generated file lab4step1_7_1200mv_0c_v_slow.sdo in folder "U:/cpre231x/lab4/lab4step1/simulation/modelsim/" for EDA simulation tool
Info (204019): Generated file lab4step1_min_1200mv_0c_v_fast.sdo in folder "U:/cpre231x/lab4/lab4step1/simulation/modelsim/" for EDA simulation tool
Info (204019): Generated file lab4step1_v.sdo in folder "U:/cpre231x/lab4/lab4step1/simulation/modelsim/" for EDA simulation tool
Info: Quartus Prime EDA Netlist Writer was successful. 0 errors, 1 warning
    Info: Peak virtual memory: 740 megabytes
    Info: Processing ended: Fri Sep 23 12:02:16 2016
    Info: Elapsed time: 00:00:01
    Info: Total CPU time (on all processors): 00:00:01


